Drill Listing
=============
Drill: .016  Tool: 1  Feed: 95  Speed: 300
X 1960140  Y 1655508
X 1960140  Y 1681103
X 1960140  Y 1705908
X 1960140  Y 1726308
X 1960140  Y 1746108
X 1960140  Y 1775508
X 1960140  Y 1805508
X 1960140  Y 1825308
X 1960140  Y 1855308
X 1960140  Y 1885908
X 1960140  Y 1905708
X 1960140  Y 1935708
X 1960140  Y 1974108
X 2003340  Y 1970492
X 2003905  Y 1953830
X 1994960  Y 1934555
X 1994960  Y 1921157
X 1993767  Y 1843129
X 2001858  Y 1836244
X 1991940  Y 1812708
X 1993740  Y 1803708
X 1985340  Y 1759908
X 1987140  Y 1745508
X 2008090  Y 1739559
X 1999429  Y 1738917
X 2005188  Y 1732740
X 1988303  Y 1681103
X 1998740  Y 1670708
X 1998740  Y 1655508
X 2023140  Y 1678308
X 2032397  Y 1679508
X 2013740  Y 1680708
X 2023103  Y 1688303
X 2032397  Y 1690169
X 2014027  Y 1690681
X 2023140  Y 1704108
X 2014027  Y 1705908
X 2018340  Y 1716108
X 2020208  Y 1720275
X 2032740  Y 1720308
X 2029140  Y 1721508
X 2029287  Y 1726370
X 2021897  Y 1726653
X 2025531  Y 1728047
X 2015641  Y 1734291
X 2017140  Y 1738308
X 2025618  Y 1748507
X 2027940  Y 1752108
X 2023736  Y 1752236
X 2031944  Y 1753421
X 2032129  Y 1758208
X 2028539  Y 1761901
X 2023140  Y 1762308
X 2026055  Y 1765625
X 2022421  Y 1765984
X 2029307  Y 1768940
X 2026133  Y 1772224
X 2010540  Y 1777908
X 2018340  Y 1785108
X 2014740  Y 1790508
X 2019540  Y 1799508
X 2015334  Y 1836244
X 2015340  Y 1849308
X 2020555  Y 1872704
X 2030340  Y 1891308
X 2031023  Y 1896622
X 2013540  Y 1900308
X 2030472  Y 1900602
X 2016964  Y 1902570
X 2020740  Y 1906908
X 2033340  Y 1916508
X 2021340  Y 1921308
X 2018259  Y 1931641
X 2033338  Y 1931641
X 2035153  Y 1971145
X 2043540  Y 1971108
X 2059740  Y 1957908
X 2045340  Y 1939308
X 2056181  Y 1937795
X 2049826  Y 1925507
X 2044140  Y 1921308
X 2051340  Y 1918308
X 2042940  Y 1900308
X 2050140  Y 1900308
X 2040540  Y 1893108
X 2048340  Y 1891908
X 2050740  Y 1888308
X 2044740  Y 1887708
X 2055540  Y 1830708
X 2042340  Y 1798908
X 2046540  Y 1797708
X 2051940  Y 1797108
X 2036259  Y 1797015
X 2053740  Y 1793508
X 2057340  Y 1792908
X 2039940  Y 1792308
X 2035283  Y 1779854
X 2054322  Y 1774216
X 2050110  Y 1771350
X 2052732  Y 1768059
X 2052540  Y 1764108
X 2052540  Y 1759908
X 2054940  Y 1755108
X 2041140  Y 1729308
X 2056161  Y 1724220
X 2046102  Y 1723944
X 2049540  Y 1721508
X 2036940  Y 1720908
X 2042340  Y 1720908
X 2054340  Y 1719708
X 2053740  Y 1680708
X 2083822  Y 1656724
X 2073740  Y 1660708
X 2074125  Y 1680555
X 2074173  Y 1685740
X 2083740  Y 1685850
X 2062140  Y 1731708
X 2065740  Y 1734708
X 2071140  Y 1744308
X 2075940  Y 1744908
X 2078340  Y 1748508
X 2075940  Y 1751508
X 2079540  Y 1754508
X 2076118  Y 1757196
X 2073362  Y 1761716
X 2072933  Y 1765755
X 2065712  Y 1855224
X 2074881  Y 1868051
X 2083094  Y 1888523
X 2068787  Y 1889444
X 2064540  Y 1890708
X 2076185  Y 1900374
X 2062992  Y 1944488
X 2081988  Y 1959708
X 2081940  Y 1972308
X 2107740  Y 1972308
X 2116140  Y 1972308
X 2116140  Y 1945908
X 2116140  Y 1916508
X 2116140  Y 1866108
X 2116140  Y 1825908
X 2087940  Y 1786908
X 2116140  Y 1785708
X 2086740  Y 1772508
X 2086140  Y 1744908
X 2116140  Y 1735908
X 2087027  Y 1724354
X 2116103  Y 1686108
X 2116125  Y 1674196
X 2098283  Y 1656724
X 2116125  Y 1656724
Drill: .02756  Tool: 2  Feed: 197  Speed: 550
X 2030333  Y 1857708
X 2049546  Y 1857708
Drill: .03937  Tool: 3  Feed: 197  Speed: 550
X 2029853  Y 1959325
X 2047153  Y 1959325
Drill: .04  Tool: 4  Feed: 139  Speed: 550
X 1978740  Y 1690708
X 1978740  Y 1700708
X 1978740  Y 1710708
X 1978740  Y 1720708
X 1978740  Y 1730708
X 1978740  Y 1740708
X 1978740  Y 1750708
X 1978740  Y 1760708
X 1978740  Y 1770708
X 1978740  Y 1780708
X 1978740  Y 1790708
X 1978740  Y 1800708
X 1978740  Y 1810708
X 1978740  Y 1820708
X 1978740  Y 1830708
X 1978740  Y 1840708
X 1978740  Y 1850708
X 1978740  Y 1860708
X 1978740  Y 1870708
X 1978740  Y 1880708
X 1978740  Y 1890708
X 1978740  Y 1900708
X 1978740  Y 1910708
X 1978740  Y 1920708
X 1978740  Y 1930708
X 1978740  Y 1940708
X 1978740  Y 1950708
X 1978740  Y 1960708
X 2018740  Y 1670708
X 2028740  Y 1670708
X 2038740  Y 1670708
X 2048740  Y 1670708
X 2058740  Y 1670708
X 2068740  Y 1670708
X 2098740  Y 1690708
X 2098740  Y 1700708
X 2098740  Y 1710708
X 2098740  Y 1720708
X 2098740  Y 1730708
X 2098740  Y 1740708
X 2098740  Y 1750708
X 2098740  Y 1760708
X 2098740  Y 1770708
X 2098740  Y 1780708
X 2098740  Y 1790708
X 2098740  Y 1800708
X 2098740  Y 1810708
X 2098740  Y 1820708
X 2098740  Y 1830708
X 2098740  Y 1840708
X 2098740  Y 1850708
X 2098740  Y 1860708
X 2098740  Y 1870708
X 2098740  Y 1880708
X 2098740  Y 1890708
X 2098740  Y 1900708
X 2098740  Y 1910708
X 2098740  Y 1920708
X 2098740  Y 1930708
X 2098740  Y 1940708
X 2098740  Y 1950708
X 2098740  Y 1960708
Drill: .041  Tool: 5  Feed: 139  Speed: 550
X 1994740  Y 1769508
X 2004740  Y 1769508
X 1993799  Y 1857311
X 2003799  Y 1857311
X 1993799  Y 1867311
X 2003799  Y 1867311
X 1993799  Y 1877311
X 2003799  Y 1877311
X 1993799  Y 1887311
X 2003799  Y 1887311
Drill: .05512  Tool: 6  Feed: 107  Speed: 550
X 2023733  Y 1818708
X 2042946  Y 1818708
End of Listing
